c[?7l[2J[0mSeaBIOS (version 1.13.0-1)


iPXE (http://ipxe.org) 00:03.0 CA00 PCI2.10 PnP PMM+07F90A10+07ED0A10 CA00
Press Ctrl-B to configure iPXE (PCI 00:03.0)...                                                                               


Booting from Hard Disk..(THU.CST) os is loading ...

Special kernel symbols:
  entry  0xc0100036 (phys)
  etext  0xc010d870 (phys)
  edata  0xc01c9000 (phys)
  end    0xc01cc180 (phys)
Kernel executable memory footprint: 817KB
ebp:0xc0133f38 eip:0xc0102015 args:0x00010094 0x00010094 0xc0133f68 0xc01000e0 
    kern/debug/kdebug.c:352: print_stackframe+21
ebp:0xc0133f48 eip:0xc01022ff args:0x00000000 0x00000000 0x00000000 0xc0133fb8 
    kern/debug/kmonitor.c:129: mon_backtrace+10
ebp:0xc0133f68 eip:0xc01000e0 args:0x00000000 0xc0133f90 0xffff0000 0xc0133f94 
    kern/init/init.c:58: grade_backtrace2+33
ebp:0xc0133f88 eip:0xc010010a args:0x00000000 0xffff0000 0xc0133fb4 0x0000002a 
    kern/init/init.c:63: grade_backtrace1+38
ebp:0xc0133fa8 eip:0xc0100129 args:0x00000000 0xc0100036 0xffff0000 0x0000001d 
    kern/init/init.c:68: grade_backtrace0+23
ebp:0xc0133fc8 eip:0xc010014f args:0xc010d89c 0xc010d880 0x00003180 0x00000000 
    kern/init/init.c:73: grade_backtrace+34
ebp:0xc0133ff8 eip:0xc0100087 args:0xc010dcd8 0xc010dce0 0xc0102287 0xc010dcff 
    kern/init/init.c:32: kern_init+80
memory management: default_pmm_manager
e820map:
  memory: 0009fc00, [00000000, 0009fbff], type = 1.
  memory: 00000400, [0009fc00, 0009ffff], type = 2.
  memory: 00010000, [000f0000, 000fffff], type = 2.
  memory: 07ee0000, [00100000, 07fdffff], type = 1.
  memory: 00020000, [07fe0000, 07ffffff], type = 2.
  memory: 00040000, [fffc0000, ffffffff], type = 2.
check_alloc_page() succeeded!
check_pgdir() succeeded!
check_boot_pgdir() succeeded!
-------------------- BEGIN --------------------
PDE(0e0) c0000000-f8000000 38000000 urw
  |-- PTE(38000) c0000000-f8000000 38000000 -rw
PDE(001) fac00000-fb000000 00400000 -rw
  |-- PTE(000e0) faf00000-fafe0000 000e0000 urw
  |-- PTE(00001) fafeb000-fafec000 00001000 -rw
--------------------- END ---------------------
use SLOB allocator
check_slab() success
kmalloc_init() succeeded!
check_vma_struct() succeeded!
page fault at 0x00000100: K/W [no page found].
check_pgfault() succeeded!
check_vmm() succeeded.
sched class: RR_scheduler
ide 0:      10000(sectors), 'QEMU HARDDISK'.
ide 1:     262144(sectors), 'QEMU HARDDISK'.
SWAP: manager = fifo swap manager
BEGIN check_swap: count 1, total 31761
setup Page Table for vaddr 0X1000, so alloc a page
setup Page Table vaddr 0~4MB OVER!
set up init env for check_swap begin!
page fault at 0x00001000: K/W [no page found].
page fault at 0x00002000: K/W [no page found].
page fault at 0x00003000: K/W [no page found].
page fault at 0x00004000: K/W [no page found].
set up init env for check_swap over!
write Virt Page c in fifo_check_swap
write Virt Page a in fifo_check_swap
write Virt Page d in fifo_check_swap
write Virt Page b in fifo_check_swap
write Virt Page e in fifo_check_swap
page fault at 0x00005000: K/W [no page found].
swap_out: i 0, store page in vaddr 0x1000 to disk swap entry 2
write Virt Page b in fifo_check_swap
write Virt Page a in fifo_check_swap
page fault at 0x00001000: K/W [no page found].
do pgfault: ptep c03cf004, pte 200
swap_out: i 0, store page in vaddr 0x2000 to disk swap entry 3
swap_in: load disk swap entry 2 with swap_page in vadr 0x1000
write Virt Page b in fifo_check_swap
page fault at 0x00002000: K/W [no page found].
do pgfault: ptep c03cf008, pte 300
swap_out: i 0, store page in vaddr 0x3000 to disk swap entry 4
swap_in: load disk swap entry 3 with swap_page in vadr 0x2000
write Virt Page c in fifo_check_swap
page fault at 0x00003000: K/W [no page found].
do pgfault: ptep c03cf00c, pte 400
swap_out: i 0, store page in vaddr 0x4000 to disk swap entry 5
swap_in: load disk swap entry 4 with swap_page in vadr 0x3000
write Virt Page d in fifo_check_swap
page fault at 0x00004000: K/W [no page found].
do pgfault: ptep c03cf010, pte 500
swap_out: i 0, store page in vaddr 0x5000 to disk swap entry 6
swap_in: load disk swap entry 5 with swap_page in vadr 0x4000
write Virt Page e in fifo_check_swap
page fault at 0x00005000: K/W [no page found].
do pgfault: ptep c03cf014, pte 600
swap_out: i 0, store page in vaddr 0x1000 to disk swap entry 2
swap_in: load disk swap entry 6 with swap_page in vadr 0x5000
write Virt Page a in fifo_check_swap
page fault at 0x00001000: K/R [no page found].
do pgfault: ptep c03cf004, pte 200
swap_out: i 0, store page in vaddr 0x2000 to disk swap entry 3
swap_in: load disk swap entry 2 with swap_page in vadr 0x1000
count is 0, total is 5
check_swap() succeeded!
++ setup timer interrupts
kernel_execve: pid = 2, name = "forktree".
0002: I am ''
0003: I am '0'
0004: I am '1'
0005: I am '00'
0006: I am '01'
0007: I am '10'
0008: I am '11'
Realy Pages: 0x7b2f
0009: I am '000'
000a: I am '001'
000b: I am '010'
000c: I am '011'
000d: I am '100'
000e: I am '101'
000f: I am '110'
0010: I am '111'
Realy Pages: 0x7a50
0011: I am '0000'
0012: I am '0001'
0013: I am '0010'
0014: I am '0011'
0015: I am '0100'
0016: I am '0101'
0017: I am '0110'
0018: I am '0111'
0019: I am '1000'
001a: I am '1001'
001b: I am '1010'
001c: I am '1011'
001d: I am '1100'
001e: I am '1101'
001f: I am '1110'
0020: I am '1111'
Realy Pages: 0x7ad2
Realy Pages: 0x7bd4
Realy Pages: 0x7bd6
Realy Pages: 0x7bd8
Realy Pages: 0x7bda
Realy Pages: 0x7bdc
Realy Pages: 0x7bde
Realy Pages: 0x7be0
Realy Pages: 0x7be2
Realy Pages: 0x7be4
Realy Pages: 0x7be6
Realy Pages: 0x7be8
Realy Pages: 0x7bea
Realy Pages: 0x7bec
Realy Pages: 0x7bee
Realy Pages: 0x7bf0
Realy Pages: 0x7bf2
Realy Pages: 0x7bf4
Realy Pages: 0x7bf6
Realy Pages: 0x7bf8
Realy Pages: 0x7bfa
Realy Pages: 0x7bfc
Realy Pages: 0x7bfe
Realy Pages: 0x7c00
Realy Pages: 0x7c02
Realy Pages: 0x7c04
Realy Pages: 0x7c06
Realy Pages: 0x7c08
Realy Pages: 0x7c0a
Store Pages: 0x7c0c
all user-mode processes have quit.
init check memory pass.
kernel panic at kern/process/proc.c:852:
    assertion failed: nr_free_pages_store == nr_free_pages()
stack trackback:
ebp:0xc03cef7c eip:0xc0102015 args:0xc010dba1 0xc03cefc0 0x00000354 0xc010a869 
    kern/debug/kdebug.c:352: print_stackframe+21
ebp:0xc03cefac eip:0xc01018ea args:0xc010fca0 0x00000354 0xc010fccd 0xc0110050 
    kern/debug/panic.c:27: __panic+103
ebp:0xc03cefec eip:0xc010c364 args:0x00000000 0x00000000 0x00000010 0x00000000 
    kern/process/proc.c:852: init_main+466
Welcome to the kernel debug monitor!!
Type 'help' for a list of commands.
K> 